<?xml version="1.0" encoding="UTF-8"?>
<!-- Generated by org.testng.reporters.JUnitReportReporter -->
<testsuite skipped="0" hostname="AFSWWIDKM70OES" name="com.provider.springboot.uiTests.TestCaseUIClass" tests="6" failures="0" timestamp="2022-07-25T02:40:01 EDT" time="0.881" errors="0">
  <testcase name="givenLoginPage_whenValidUsernameInvalidPassword_thenErrorOnLoginPage" time="0.104" classname="com.provider.springboot.uiTests.TestCaseUIClass"/>
  <system-out/>
  <testcase name="givenLoginPage_whenValidUsernameAndNullPassword_thenErrorOnLoginPage" time="0.109" classname="com.provider.springboot.uiTests.TestCaseUIClass"/>
  <system-out/>
  <testcase name="givenLoginPage_whenNullUsernameAndValidPassword_thenErrorOnLoginPage" time="0.058" classname="com.provider.springboot.uiTests.TestCaseUIClass"/>
  <system-out/>
  <testcase name="givenLoginPage_whenNullUsernameAndNullPassword_thenErrorOnLoginPage" time="0.048" classname="com.provider.springboot.uiTests.TestCaseUIClass"/>
  <system-out/>
  <testcase name="login" time="0.092" classname="com.provider.springboot.uiTests.TestCaseUIClass"/>
  <system-out/>
  <testcase name="givenLoginPage_whenInvalidUsernameValidPassword_thenErrorOnLoginPage" time="0.470" classname="com.provider.springboot.uiTests.TestCaseUIClass"/>
  <system-out/>
</testsuite> <!-- com.provider.springboot.uiTests.TestCaseUIClass -->
