<?xml version="1.0" encoding="UTF-8"?>
<!-- Generated by org.testng.reporters.JUnitReportReporter -->
<testsuite skipped="0" hostname="AFSWWIDKM70OES" name="com.provider.springboot.uiTests.TestCaseLoginUI" tests="6" failures="0" timestamp="2022-08-11T19:51:15 EDT" time="0.892" errors="0">
  <testcase name="givenLoginPage_whenNullUsernameAndValidPassword_thenErrorOnLoginPage" time="0.077" classname="com.provider.springboot.uiTests.TestCaseLoginUI"/>
  <system-out/>
  <testcase name="givenLoginPage_whenValidUsernameInvalidPassword_thenErrorOnLoginPage" time="0.127" classname="com.provider.springboot.uiTests.TestCaseLoginUI"/>
  <system-out/>
  <testcase name="login" time="0.122" classname="com.provider.springboot.uiTests.TestCaseLoginUI"/>
  <system-out/>
  <testcase name="givenLoginPage_whenInvalidUsernameValidPassword_thenErrorOnLoginPage" time="0.412" classname="com.provider.springboot.uiTests.TestCaseLoginUI"/>
  <system-out/>
  <testcase name="givenLoginPage_whenValidUsernameAndNullPassword_thenErrorOnLoginPage" time="0.102" classname="com.provider.springboot.uiTests.TestCaseLoginUI"/>
  <system-out/>
  <testcase name="givenLoginPage_whenNullUsernameAndNullPassword_thenErrorOnLoginPage" time="0.052" classname="com.provider.springboot.uiTests.TestCaseLoginUI"/>
  <system-out/>
</testsuite> <!-- com.provider.springboot.uiTests.TestCaseLoginUI -->
