<?xml version="1.0" encoding="UTF-8"?>
<!-- Generated by org.testng.reporters.JUnitReportReporter -->
<testsuite skipped="0" hostname="AFSWWIDKM70OES" name="com.provider.springboot.uiTests.TestCaseSubscriberFormUI" tests="7" failures="0" timestamp="2022-08-11T19:51:37 EDT" time="3.260" errors="0">
  <testcase name="givenPreAddedSubscriber_whenEmailIsChanged_thenSubscriberIsUpdated" time="0.419" classname="com.provider.springboot.uiTests.TestCaseSubscriberFormUI"/>
  <system-out/>
  <testcase name="givenPreAddedSubscriber_whenAddressIsChanged_thenSubscriberIsUpdated" time="1.313" classname="com.provider.springboot.uiTests.TestCaseSubscriberFormUI"/>
  <system-out/>
  <testcase name="givenPreAddedSubscriber_whenUsernameIsChanged_thenSubscriberIsUpdated" time="0.368" classname="com.provider.springboot.uiTests.TestCaseSubscriberFormUI"/>
  <system-out/>
  <testcase name="givenSubscriberPage_whenAllInputFieldsValid_thenAddSubscriberToList" time="0.241" classname="com.provider.springboot.uiTests.TestCaseSubscriberFormUI"/>
  <system-out/>
  <testcase name="givenSubscriberPage_whenAllInputFieldsValidTheSecondTime_thenAddSubscriberToList" time="0.259" classname="com.provider.springboot.uiTests.TestCaseSubscriberFormUI"/>
  <system-out/>
  <testcase name="givenSubscriberPage_whenEmptyUsername_AddButtonIsDisabled" time="0.350" classname="com.provider.springboot.uiTests.TestCaseSubscriberFormUI"/>
  <system-out/>
  <testcase name="givenSubscriberPage_whenEmptyEmail_AddButtonIsDisabled" time="0.310" classname="com.provider.springboot.uiTests.TestCaseSubscriberFormUI"/>
  <system-out/>
</testsuite> <!-- com.provider.springboot.uiTests.TestCaseSubscriberFormUI -->
