<?xml version="1.0" encoding="UTF-8"?>
<!-- Generated by org.testng.reporters.JUnitReportReporter -->
<testsuite skipped="0" hostname="AFSWWIDKM70OES" name="com.provider.springboot.testng.CustomerManagementServiceTests" tests="11" failures="0" timestamp="2022-08-11T19:44:24 EDT" time="0.136" errors="1">
  <testcase name="givenPreSavedSubscriber_whenTraversedUsingValidUsername_thenSubscriberShouldBeFound" time="0.005" classname="com.provider.springboot.testng.CustomerManagementServiceTests"/>
  <system-out/>
  <testcase name="givenNullSubscriber_whenAttemptingToDelete_thenErrorShouldBeThrown" time="0.012" classname="com.provider.springboot.testng.CustomerManagementServiceTests"/>
  <system-out/>
  <testcase name="givenNullSubscriber_whenSaveButtonIsClicked_thenErrorShouldBeThrown" time="0.003" classname="com.provider.springboot.testng.CustomerManagementServiceTests"/>
  <system-out/>
  <testcase name="givenValidId_whenDeletedWithId_thenSubscriberShouldBeDeleted" time="0.008" classname="com.provider.springboot.testng.CustomerManagementServiceTests"/>
  <system-out/>
  <testcase name="givenUnsavedSubscriber_whenSubscriberExistsCalled_thenShouldReturnFalse" time="0.007" classname="com.provider.springboot.testng.CustomerManagementServiceTests"/>
  <system-out/>
  <testcase name="givenPreSavedSubscriber_whenTraversedUsingValidId_theSubscriberShouldBeFound" time="0.018" classname="com.provider.springboot.testng.CustomerManagementServiceTests"/>
  <system-out/>
  <testcase name="givenPreSavedSubscriber_whenSubscriberExistsCalled_thenShouldReturnTrue" time="0.039" classname="com.provider.springboot.testng.CustomerManagementServiceTests"/>
  <system-out/>
  <testcase name="givenValidInputFields_whenSaveButtonIsClicked_thenSubscriberShouldBeSaved" time="0.005" classname="com.provider.springboot.testng.CustomerManagementServiceTests"/>
  <system-out/>
  <testcase name="givenPreSavedSubscriber_whenUserIsEditedAndSaved_thenSubscriberShouldBeUpdated" time="0.007" classname="com.provider.springboot.testng.CustomerManagementServiceTests">
    <error type="java.lang.NoSuchMethodError" message="org.testng.Assert.assertEquals(Ljava/lang/Long;J)V">
      <![CDATA[java.lang.NoSuchMethodError: org.testng.Assert.assertEquals(Ljava/lang/Long;J)V
at com.provider.springboot.testng.CustomerManagementServiceTests.givenPreSavedSubscriber_whenUserIsEditedAndSaved_thenSubscriberShouldBeUpdated(CustomerManagementServiceTests.java:102)
at sun.reflect.NativeMethodAccessorImpl.invoke0(Native Method)
at sun.reflect.NativeMethodAccessorImpl.invoke(NativeMethodAccessorImpl.java:62)
at sun.reflect.DelegatingMethodAccessorImpl.invoke(DelegatingMethodAccessorImpl.java:43)
at java.lang.reflect.Method.invoke(Method.java:498)
at org.testng.internal.MethodInvocationHelper.invokeMethod(MethodInvocationHelper.java:133)
at org.testng.internal.MethodInvocationHelper$1.runTestMethod(MethodInvocationHelper.java:239)
at org.springframework.test.context.testng.AbstractTestNGSpringContextTests.run(AbstractTestNGSpringContextTests.java:184)
at org.testng.internal.MethodInvocationHelper.invokeHookable(MethodInvocationHelper.java:253)
at org.testng.internal.TestInvoker.invokeMethod(TestInvoker.java:594)
at org.testng.internal.TestInvoker.invokeTestMethod(TestInvoker.java:173)
at org.testng.internal.MethodRunner.runInSequence(MethodRunner.java:46)
at org.testng.internal.TestInvoker$MethodInvocationAgent.invoke(TestInvoker.java:824)
at org.testng.internal.TestInvoker.invokeTestMethods(TestInvoker.java:146)
at org.testng.internal.TestMethodWorker.invokeTestMethods(TestMethodWorker.java:146)
at org.testng.internal.TestMethodWorker.run(TestMethodWorker.java:128)
at java.util.ArrayList.forEach(ArrayList.java:1259)
at org.testng.TestRunner.privateRun(TestRunner.java:794)
at org.testng.TestRunner.run(TestRunner.java:596)
at org.testng.SuiteRunner.runTest(SuiteRunner.java:377)
at org.testng.SuiteRunner.runSequentially(SuiteRunner.java:371)
at org.testng.SuiteRunner.privateRun(SuiteRunner.java:332)
at org.testng.SuiteRunner.run(SuiteRunner.java:276)
at org.testng.SuiteRunnerWorker.runSuite(SuiteRunnerWorker.java:53)
at org.testng.SuiteRunnerWorker.run(SuiteRunnerWorker.java:96)
at org.testng.TestNG.runSuitesSequentially(TestNG.java:1212)
at org.testng.TestNG.runSuitesLocally(TestNG.java:1134)
at org.testng.TestNG.runSuites(TestNG.java:1063)
at org.testng.TestNG.run(TestNG.java:1031)
at org.testng.remote.AbstractRemoteTestNG.run(AbstractRemoteTestNG.java:115)
at org.testng.remote.RemoteTestNG.initAndRun(RemoteTestNG.java:251)
at org.testng.remote.RemoteTestNG.main(RemoteTestNG.java:77)
]]>
    </error>
  </testcase> <!-- givenPreSavedSubscriber_whenUserIsEditedAndSaved_thenSubscriberShouldBeUpdated -->
  <system-out/>
  <testcase name="givenNullSubscriber_whenAttemptingToUpdateSubscriber_thenErrorShouldBeThrown" time="0.004" classname="com.provider.springboot.testng.CustomerManagementServiceTests"/>
  <system-out/>
  <testcase name="givenPreSavedSubscribers_whenFindAllUsersIsCalled_thenListOfSubscribersIsReturned" time="0.028" classname="com.provider.springboot.testng.CustomerManagementServiceTests"/>
  <system-out/>
</testsuite> <!-- com.provider.springboot.testng.CustomerManagementServiceTests -->
